Using pre-set license
Built from '2020.3/staging' branch; Version is '2020.3.19f1 (68f137dc9bbe) revision 6877495'; Using compiler version '192528614'; Build Type 'Release'
OS: 'Windows 10 Home; OS build 19045.5247; Version 2009; 64bit' Language: 'ru' Physical Memory: 8029 MB
BatchMode: 1, IsHumanControllingUs: 0, StartBugReporterOnCrash: 0, Is64bit: 1, IsPro: 0

COMMAND LINE ARGUMENTS:
D:\Programs\Unity\2020.3.19f1\Editor\Unity.exe
-adb2
-batchMode
-noUpm
-name
AssetImportWorker0
-projectPath
D:/Work/RTS_Game/RTS_Game
-logFile
Logs/AssetImportWorker0.log
-srvPort
52209
Successfully changed project path to: D:/Work/RTS_Game/RTS_Game
D:/Work/RTS_Game/RTS_Game
Using Asset Import Pipeline V2.
Refreshing native plugins compatible for Editor in 31.60 ms, found 2 plugins.
Preloading 0 native plugins for Editor in 0.00 ms.
Initialize engine version: 2020.3.19f1 (68f137dc9bbe)
[Subsystems] Discovering subsystems at path D:/Programs/Unity/2020.3.19f1/Editor/Data/Resources/UnitySubsystems
[Subsystems] Discovering subsystems at path D:/Work/RTS_Game/RTS_Game/Assets
GfxDevice: creating device client; threaded=0
Direct3D:
    Version:  Direct3D 11.0 [level 11.1]
    Renderer: NVIDIA GeForce GTX 1650 (ID=0x1f99)
    Vendor:   
    VRAM:     3935 MB
    Driver:   32.0.15.5585
Initialize mono
Mono path[0] = 'D:/Programs/Unity/2020.3.19f1/Editor/Data/Managed'
Mono path[1] = 'D:/Programs/Unity/2020.3.19f1/Editor/Data/MonoBleedingEdge/lib/mono/unityjit'
Mono config path = 'D:/Programs/Unity/2020.3.19f1/Editor/Data/MonoBleedingEdge/etc'
Using monoOptions --debugger-agent=transport=dt_socket,embedding=1,server=y,suspend=n,address=127.0.0.1:56172
Begin MonoManager ReloadAssembly
Registering precompiled unity dll's ...
Register platform support module: D:/Programs/Unity/2020.3.19f1/Editor/Data/PlaybackEngines/WindowsStandaloneSupport/UnityEditor.WindowsStandalone.Extensions.dll
Registered in 0.001038 seconds.
Native extension for WindowsStandalone target not found
Refreshing native plugins compatible for Editor in 27.32 ms, found 2 plugins.
Preloading 0 native plugins for Editor in 0.00 ms.
Mono: successfully reloaded assembly
- Completed reload, in  2.243 seconds
Domain Reload Profiling:
	ReloadAssembly (2243ms)
		BeginReloadAssembly (43ms)
			ExecutionOrderSort (0ms)
			DisableScriptedObjects (0ms)
			BackupInstance (0ms)
			ReleaseScriptingObjects (0ms)
			CreateAndSetChildDomain (1ms)
		EndReloadAssembly (359ms)
			LoadAssemblies (42ms)
			RebuildTransferFunctionScriptingTraits (0ms)
			SetupTypeCache (134ms)
			ReleaseScriptCaches (0ms)
			RebuildScriptCaches (28ms)
			SetupLoadedEditorAssemblies (140ms)
				LogAssemblyErrors (0ms)
				InitializePlatformSupportModulesInManaged (3ms)
				SetLoadedEditorAssemblies (0ms)
				RefreshPlugins (27ms)
				BeforeProcessingInitializeOnLoad (11ms)
				ProcessInitializeOnLoadAttributes (72ms)
				ProcessInitializeOnLoadMethodAttributes (26ms)
				AfterProcessingInitializeOnLoad (0ms)
				EditorAssembliesLoaded (0ms)
			ExecutionOrderSort2 (0ms)
			AwakeInstancesAfterBackupRestoration (0ms)
Platform modules already initialized, skipping
Registering precompiled user dll's ...
Registered in 0.001536 seconds.
Begin MonoManager ReloadAssembly
Native extension for WindowsStandalone target not found
Refreshing native plugins compatible for Editor in 0.36 ms, found 2 plugins.
Preloading 0 native plugins for Editor in 0.00 ms.
Mono: successfully reloaded assembly
- Completed reload, in  0.848 seconds
Domain Reload Profiling:
	ReloadAssembly (849ms)
		BeginReloadAssembly (132ms)
			ExecutionOrderSort (0ms)
			DisableScriptedObjects (4ms)
			BackupInstance (0ms)
			ReleaseScriptingObjects (0ms)
			CreateAndSetChildDomain (16ms)
		EndReloadAssembly (669ms)
			LoadAssemblies (69ms)
			RebuildTransferFunctionScriptingTraits (0ms)
			SetupTypeCache (233ms)
			ReleaseScriptCaches (0ms)
			RebuildScriptCaches (36ms)
			SetupLoadedEditorAssemblies (250ms)
				LogAssemblyErrors (0ms)
				InitializePlatformSupportModulesInManaged (4ms)
				SetLoadedEditorAssemblies (0ms)
				RefreshPlugins (0ms)
				BeforeProcessingInitializeOnLoad (66ms)
				ProcessInitializeOnLoadAttributes (172ms)
				ProcessInitializeOnLoadMethodAttributes (4ms)
				AfterProcessingInitializeOnLoad (2ms)
				EditorAssembliesLoaded (0ms)
			ExecutionOrderSort2 (0ms)
			AwakeInstancesAfterBackupRestoration (6ms)
Platform modules already initialized, skipping
========================================================================
Worker process is ready to serve import requests
Launched and connected shader compiler UnityShaderCompiler.exe after 0.04 seconds
Refreshing native plugins compatible for Editor in 0.66 ms, found 2 plugins.
Preloading 0 native plugins for Editor in 0.00 ms.
Unloading 1500 Unused Serialized files (Serialized files now loaded: 0)
System memory in use before: 67.6 MB.
System memory in use after: 67.7 MB.

Unloading 29 unused Assets to reduce memory usage. Loaded Objects now: 1921.
Total: 2.620600 ms (FindLiveObjects: 0.190200 ms CreateObjectMapping: 0.054200 ms MarkObjects: 2.313800 ms  DeleteObjects: 0.060800 ms)

AssetImportParameters requested are different than current active one (requested -> active):
  custom:framework-win-MediaFoundation: 216162199b28c13a410421893ffa2e32 -> 
  custom:video-decoder-ogg-theora: a1e56fd34408186e4bbccfd4996cb3dc -> 
  custom:container-muxer-webm: aa71ff27fc2769a1b78a27578f13a17b -> 
  custom:container-demuxer-webm: 4f35f7cbe854078d1ac9338744f61a02 -> 
  custom:container-demuxer-ogg: 62fdf1f143b41e24485cea50d1cbac27 -> 
  custom:video-encoder-webm-vp8: eb34c28f22e8b96e1ab97ce403110664 -> 
  custom:video-decoder-webm-vp8: 9c59270c3fd7afecdb556c50c9e8de78 -> 
  custom:audio-decoder-ogg-vorbis: bf7c407c2cedff20999df2af8eb42d56 -> 
  custom:audio-encoder-webm-vorbis: bf7c407c2cedff20999df2af8eb42d56 -> 
========================================================================
Received Import Request.
  path: Assets
  artifactKey: Guid(00000000000000001000000000000000) Importer(815301076,1909f56bfc062723c751e8b465ee728b)
Start importing Assets using Guid(00000000000000001000000000000000) Importer(815301076,1909f56bfc062723c751e8b465ee728b)  -> (artifact id: '42d402b061de3733987d63b9cc3b64de') in 0.009583 seconds 
  Import took 0.011586 seconds .

========================================================================
Received Import Request.
  Time since last request: 5.923299 seconds.
  path: Assets/Scripts
  artifactKey: Guid(42b099a6f69127b42b4527fb26b7cd64) Importer(815301076,1909f56bfc062723c751e8b465ee728b)
Start importing Assets/Scripts using Guid(42b099a6f69127b42b4527fb26b7cd64) Importer(815301076,1909f56bfc062723c751e8b465ee728b)  -> (artifact id: '1f1beb22d7d9baf9376d95b07c51a6a6') in 0.010911 seconds 
  Import took 0.014877 seconds .

========================================================================
Received Import Request.
  Time since last request: 7.609391 seconds.
  path: Assets/Prefabs
  artifactKey: Guid(833a32e307a60884591e1d61cffc1882) Importer(815301076,1909f56bfc062723c751e8b465ee728b)
Start importing Assets/Prefabs using Guid(833a32e307a60884591e1d61cffc1882) Importer(815301076,1909f56bfc062723c751e8b465ee728b)  -> (artifact id: 'a19cc47f3cf8ede601e42495fde6741e') in 0.011923 seconds 
  Import took 0.015696 seconds .

========================================================================
Received Import Request.
  Time since last request: 9.829823 seconds.
  path: Assets/Audios
  artifactKey: Guid(62df4ad10cdb8b841b521a1f63df6358) Importer(815301076,1909f56bfc062723c751e8b465ee728b)
Start importing Assets/Audios using Guid(62df4ad10cdb8b841b521a1f63df6358) Importer(815301076,1909f56bfc062723c751e8b465ee728b)  -> (artifact id: 'c816278b2cd8baead222295ea9de7a02') in 0.011755 seconds 
  Import took 0.014648 seconds .

========================================================================
Received Import Request.
  Time since last request: 7.586957 seconds.
  path: Assets/Materials
  artifactKey: Guid(b8e587221402cda4fbf9b8506841a1bb) Importer(815301076,1909f56bfc062723c751e8b465ee728b)
Start importing Assets/Materials using Guid(b8e587221402cda4fbf9b8506841a1bb) Importer(815301076,1909f56bfc062723c751e8b465ee728b)  -> (artifact id: '3afea61ea1478ae262353fed8f91a904') in 0.011558 seconds 
  Import took 0.014110 seconds .

========================================================================
Received Import Request.
  Time since last request: 13.598100 seconds.
  path: Assets/Arts
  artifactKey: Guid(e8557f2d6aea4894bb1ec5ee9417034f) Importer(815301076,1909f56bfc062723c751e8b465ee728b)
Start importing Assets/Arts using Guid(e8557f2d6aea4894bb1ec5ee9417034f) Importer(815301076,1909f56bfc062723c751e8b465ee728b)  -> (artifact id: '3072a970668f245813cd1b248e2f0690') in 0.013279 seconds 
  Import took 0.015898 seconds .

========================================================================
Received Import Request.
  Time since last request: 6.247337 seconds.
  path: Assets/Arts/Models
  artifactKey: Guid(e4f6ddf2d15f36e468915da230dd731e) Importer(815301076,1909f56bfc062723c751e8b465ee728b)
Start importing Assets/Arts/Models using Guid(e4f6ddf2d15f36e468915da230dd731e) Importer(815301076,1909f56bfc062723c751e8b465ee728b)  -> (artifact id: '26c2ae2de9493b066bf74a903d58c17d') in 0.009963 seconds 
  Import took 0.012630 seconds .

========================================================================
Received Import Request.
  Time since last request: 11.777024 seconds.
  path: Assets/Arts/New Folder
  artifactKey: Guid(eba119e843c0af343acc431c581e58ed) Importer(815301076,1909f56bfc062723c751e8b465ee728b)
Start importing Assets/Arts/New Folder using Guid(eba119e843c0af343acc431c581e58ed) Importer(815301076,1909f56bfc062723c751e8b465ee728b)  -> (artifact id: '2c09927854166cf944991c95a144c1c5') in 0.011094 seconds 
  Import took 0.013229 seconds .

========================================================================
Received Import Request.
  Time since last request: 3.545249 seconds.
  path: Assets/Arts/Textures
  artifactKey: Guid(eba119e843c0af343acc431c581e58ed) Importer(815301076,1909f56bfc062723c751e8b465ee728b)
Start importing Assets/Arts/Textures using Guid(eba119e843c0af343acc431c581e58ed) Importer(815301076,1909f56bfc062723c751e8b465ee728b)  -> (artifact id: '96b8969e609e3b57ba17efc81f0a6cd4') in 0.009773 seconds 
  Import took 0.012212 seconds .

========================================================================
Received Import Request.
  Time since last request: 576.076272 seconds.
  path: Assets/Prefabs/MainBuilding.prefab
  artifactKey: Guid(5ca624771b5fedb4cb808d0b62ed0c91) Importer(815301076,1909f56bfc062723c751e8b465ee728b)
Start importing Assets/Prefabs/MainBuilding.prefab using Guid(5ca624771b5fedb4cb808d0b62ed0c91) Importer(815301076,1909f56bfc062723c751e8b465ee728b)  -> (artifact id: 'd3e8f38dfd0ae5dcceb7e238479175ee') in 0.100820 seconds 
  Import took 0.103422 seconds .

========================================================================
Received Import Request.
  Time since last request: 160.277641 seconds.
  path: Assets/Prefabs/MainBuilding.prefab
  artifactKey: Guid(5ca624771b5fedb4cb808d0b62ed0c91) Importer(815301076,1909f56bfc062723c751e8b465ee728b)
Start importing Assets/Prefabs/MainBuilding.prefab using Guid(5ca624771b5fedb4cb808d0b62ed0c91) Importer(815301076,1909f56bfc062723c751e8b465ee728b)  -> (artifact id: '23c22d806e07adb791aa44ca2e8a9d4c') in 0.017886 seconds 
  Import took 0.021323 seconds .

========================================================================
Received Import Request.
  Time since last request: 86.575024 seconds.
  path: Assets/Prefabs/Sawmill.prefab
  artifactKey: Guid(05605bcdebc419c4e94d217467e84a25) Importer(815301076,1909f56bfc062723c751e8b465ee728b)
Start importing Assets/Prefabs/Sawmill.prefab using Guid(05605bcdebc419c4e94d217467e84a25) Importer(815301076,1909f56bfc062723c751e8b465ee728b)  -> (artifact id: '6b889b4777028f1549d720e1fa5672ff') in 0.011600 seconds 
  Import took 0.014428 seconds .

========================================================================
Received Import Request.
  Time since last request: 441.026208 seconds.
  path: Assets/Prefabs/MainBuilding.prefab
  artifactKey: Guid(5ca624771b5fedb4cb808d0b62ed0c91) Importer(815301076,1909f56bfc062723c751e8b465ee728b)
Start importing Assets/Prefabs/MainBuilding.prefab using Guid(5ca624771b5fedb4cb808d0b62ed0c91) Importer(815301076,1909f56bfc062723c751e8b465ee728b)  -> (artifact id: '19442c2b33b85499d03ed680f9843ea0') in 0.009635 seconds 
  Import took 0.013719 seconds .

========================================================================
Received Import Request.
  Time since last request: 51.357080 seconds.
  path: Assets/Prefabs/Sawmill.prefab
  artifactKey: Guid(05605bcdebc419c4e94d217467e84a25) Importer(815301076,1909f56bfc062723c751e8b465ee728b)
Start importing Assets/Prefabs/Sawmill.prefab using Guid(05605bcdebc419c4e94d217467e84a25) Importer(815301076,1909f56bfc062723c751e8b465ee728b)  -> (artifact id: '2d88f14868e5e0d04e78d32381168a41') in 0.017419 seconds 
  Import took 0.019883 seconds .

========================================================================
Received Import Request.
  Time since last request: 140.566045 seconds.
  path: Assets/Prefabs/Quarry.prefab
  artifactKey: Guid(5caea1b7e330b86429102bffc3e4cc80) Importer(815301076,1909f56bfc062723c751e8b465ee728b)
Start importing Assets/Prefabs/Quarry.prefab using Guid(5caea1b7e330b86429102bffc3e4cc80) Importer(815301076,1909f56bfc062723c751e8b465ee728b)  -> (artifact id: 'bd89351db0c80f70192f35a74a1b7be9') in 0.012179 seconds 
  Import took 0.015230 seconds .

========================================================================
Received Import Request.
  Time since last request: 44.813423 seconds.
  path: Assets/Prefabs/MainBuilding.prefab
  artifactKey: Guid(5ca624771b5fedb4cb808d0b62ed0c91) Importer(815301076,1909f56bfc062723c751e8b465ee728b)
Start importing Assets/Prefabs/MainBuilding.prefab using Guid(5ca624771b5fedb4cb808d0b62ed0c91) Importer(815301076,1909f56bfc062723c751e8b465ee728b)  -> (artifact id: '62d6973149148402d8a966c67136931f') in 0.007892 seconds 
  Import took 0.011238 seconds .

========================================================================
Received Import Request.
  Time since last request: 4.820217 seconds.
  path: Assets/Prefabs/Quarry.prefab
  artifactKey: Guid(5caea1b7e330b86429102bffc3e4cc80) Importer(815301076,1909f56bfc062723c751e8b465ee728b)
Start importing Assets/Prefabs/Quarry.prefab using Guid(5caea1b7e330b86429102bffc3e4cc80) Importer(815301076,1909f56bfc062723c751e8b465ee728b)  -> (artifact id: '0c52d0cc596f4e74bfd2bec82e361f8e') in 0.016581 seconds 
  Import took 0.021017 seconds .

========================================================================
Received Import Request.
  Time since last request: 6.610129 seconds.
  path: Assets/Prefabs/Sawmill.prefab
  artifactKey: Guid(05605bcdebc419c4e94d217467e84a25) Importer(815301076,1909f56bfc062723c751e8b465ee728b)
Start importing Assets/Prefabs/Sawmill.prefab using Guid(05605bcdebc419c4e94d217467e84a25) Importer(815301076,1909f56bfc062723c751e8b465ee728b)  -> (artifact id: 'f9f56f6428e187c914c5adccf16ae3bf') in 0.016831 seconds 
  Import took 0.020286 seconds .

========================================================================
Received Import Request.
  Time since last request: 620.279641 seconds.
  path: Assets/Prefabs/Barracks.prefab
  artifactKey: Guid(fb3d44b7dc02db345abf61eb8bd63411) Importer(815301076,1909f56bfc062723c751e8b465ee728b)
Start importing Assets/Prefabs/Barracks.prefab using Guid(fb3d44b7dc02db345abf61eb8bd63411) Importer(815301076,1909f56bfc062723c751e8b465ee728b)  -> (artifact id: 'd50e061c8f495f884f4e3473bf7ca663') in 0.012533 seconds 
  Import took 0.015270 seconds .

========================================================================
Received Import Request.
  Time since last request: 185.574385 seconds.
  path: Assets/Prefabs/Barracks.prefab
  artifactKey: Guid(fb3d44b7dc02db345abf61eb8bd63411) Importer(815301076,1909f56bfc062723c751e8b465ee728b)
Start importing Assets/Prefabs/Barracks.prefab using Guid(fb3d44b7dc02db345abf61eb8bd63411) Importer(815301076,1909f56bfc062723c751e8b465ee728b)  -> (artifact id: '658b4a03ef4fcd5bd780006425eec6c8') in 0.018572 seconds 
  Import took 0.022390 seconds .

========================================================================
Received Import Request.
  Time since last request: 56.581369 seconds.
  path: Assets/Prefabs/Barracks.prefab
  artifactKey: Guid(fb3d44b7dc02db345abf61eb8bd63411) Importer(815301076,1909f56bfc062723c751e8b465ee728b)
Start importing Assets/Prefabs/Barracks.prefab using Guid(fb3d44b7dc02db345abf61eb8bd63411) Importer(815301076,1909f56bfc062723c751e8b465ee728b)  -> (artifact id: 'df5b29bf1f57dd051803735f8be3e8bd') in 0.017189 seconds 
  Import took 0.020448 seconds .

========================================================================
Received Import Request.
  Time since last request: 13.331933 seconds.
  path: Assets/Prefabs/Quarry.prefab
  artifactKey: Guid(5caea1b7e330b86429102bffc3e4cc80) Importer(815301076,1909f56bfc062723c751e8b465ee728b)
Start importing Assets/Prefabs/Quarry.prefab using Guid(5caea1b7e330b86429102bffc3e4cc80) Importer(815301076,1909f56bfc062723c751e8b465ee728b)  -> (artifact id: '632fed2f63694833fb99107924a1c200') in 0.019327 seconds 
  Import took 0.021761 seconds .

========================================================================
Received Import Request.
  Time since last request: 64.757160 seconds.
  path: Assets/Prefabs/MainBuilding.prefab
  artifactKey: Guid(5ca624771b5fedb4cb808d0b62ed0c91) Importer(815301076,1909f56bfc062723c751e8b465ee728b)
Start importing Assets/Prefabs/MainBuilding.prefab using Guid(5ca624771b5fedb4cb808d0b62ed0c91) Importer(815301076,1909f56bfc062723c751e8b465ee728b)  -> (artifact id: '2fc7c385fa4ce50904286a6eb1f73380') in 0.017864 seconds 
  Import took 0.020194 seconds .

========================================================================
Received Import Request.
  Time since last request: 12.717625 seconds.
  path: Assets/Prefabs/MainBuilding.prefab
  artifactKey: Guid(5ca624771b5fedb4cb808d0b62ed0c91) Importer(815301076,1909f56bfc062723c751e8b465ee728b)
Start importing Assets/Prefabs/MainBuilding.prefab using Guid(5ca624771b5fedb4cb808d0b62ed0c91) Importer(815301076,1909f56bfc062723c751e8b465ee728b)  -> (artifact id: 'c4e3577dd782be546be70bb90229b5ee') in 0.008558 seconds 
  Import took 0.010911 seconds .

========================================================================
Received Import Request.
  Time since last request: 7.973973 seconds.
  path: Assets/Prefabs/MainBuilding.prefab
  artifactKey: Guid(5ca624771b5fedb4cb808d0b62ed0c91) Importer(815301076,1909f56bfc062723c751e8b465ee728b)
Start importing Assets/Prefabs/MainBuilding.prefab using Guid(5ca624771b5fedb4cb808d0b62ed0c91) Importer(815301076,1909f56bfc062723c751e8b465ee728b)  -> (artifact id: 'db0b690ad2db37809665c631e6008557') in 0.008929 seconds 
  Import took 0.013166 seconds .

========================================================================
Received Import Request.
  Time since last request: 99.401500 seconds.
  path: Assets/Prefabs/MainBuilding.prefab
  artifactKey: Guid(5ca624771b5fedb4cb808d0b62ed0c91) Importer(815301076,1909f56bfc062723c751e8b465ee728b)
Start importing Assets/Prefabs/MainBuilding.prefab using Guid(5ca624771b5fedb4cb808d0b62ed0c91) Importer(815301076,1909f56bfc062723c751e8b465ee728b)  -> (artifact id: '2774c817e58d73b8b3f13cc02c248f48') in 0.008620 seconds 
  Import took 0.011841 seconds .

========================================================================
Received Import Request.
  Time since last request: 16.247604 seconds.
  path: Assets/Prefabs/MainBuilding.prefab
  artifactKey: Guid(5ca624771b5fedb4cb808d0b62ed0c91) Importer(815301076,1909f56bfc062723c751e8b465ee728b)
Start importing Assets/Prefabs/MainBuilding.prefab using Guid(5ca624771b5fedb4cb808d0b62ed0c91) Importer(815301076,1909f56bfc062723c751e8b465ee728b)  -> (artifact id: '5df64d5faf31779f21e9de6e0f51b874') in 0.025535 seconds 
  Import took 0.028083 seconds .

========================================================================
Received Import Request.
  Time since last request: 8.536369 seconds.
  path: Assets/Prefabs/MainBuilding.prefab
  artifactKey: Guid(5ca624771b5fedb4cb808d0b62ed0c91) Importer(815301076,1909f56bfc062723c751e8b465ee728b)
Start importing Assets/Prefabs/MainBuilding.prefab using Guid(5ca624771b5fedb4cb808d0b62ed0c91) Importer(815301076,1909f56bfc062723c751e8b465ee728b)  -> (artifact id: '5cac36b1bf464de879e1dd63b0de5320') in 0.014615 seconds 
  Import took 0.017826 seconds .

========================================================================
Received Import Request.
  Time since last request: 158.018665 seconds.
  path: Assets/Materials/MainBuilding
  artifactKey: Guid(c40057febf1e31640936cc9d1082f51f) Importer(815301076,1909f56bfc062723c751e8b465ee728b)
Start importing Assets/Materials/MainBuilding using Guid(c40057febf1e31640936cc9d1082f51f) Importer(815301076,1909f56bfc062723c751e8b465ee728b)  -> (artifact id: '529200f8c33a78abbfb40840d5b89376') in 0.011903 seconds 
  Import took 0.015046 seconds .

========================================================================
Received Import Request.
  Time since last request: 131.834789 seconds.
  path: Assets/Scenes
  artifactKey: Guid(f7b66c42ee145314083f073e99178630) Importer(815301076,1909f56bfc062723c751e8b465ee728b)
Start importing Assets/Scenes using Guid(f7b66c42ee145314083f073e99178630) Importer(815301076,1909f56bfc062723c751e8b465ee728b)  -> (artifact id: '4bf9865a42ac04deb6d7662984a29e29') in 0.011510 seconds 
  Import took 0.014858 seconds .

========================================================================
Received Import Request.
  Time since last request: 1.222873 seconds.
  path: Assets/Prefabs/MainBuilding.prefab
  artifactKey: Guid(5ca624771b5fedb4cb808d0b62ed0c91) Importer(815301076,1909f56bfc062723c751e8b465ee728b)
Start importing Assets/Prefabs/MainBuilding.prefab using Guid(5ca624771b5fedb4cb808d0b62ed0c91) Importer(815301076,1909f56bfc062723c751e8b465ee728b)  -> (artifact id: '5eefd42b78dce36eff2048d834366f43') in 0.015923 seconds 
  Import took 0.019601 seconds .

========================================================================
Received Import Request.
  Time since last request: 19.105305 seconds.
  path: Assets/Materials/Sawmill
  artifactKey: Guid(f6fbdf165783195498cf607588d518ea) Importer(815301076,1909f56bfc062723c751e8b465ee728b)
Start importing Assets/Materials/Sawmill using Guid(f6fbdf165783195498cf607588d518ea) Importer(815301076,1909f56bfc062723c751e8b465ee728b)  -> (artifact id: '7ecfd2cb3ddbab2b16a7a81597beead2') in 0.001992 seconds 
  Import took 0.005781 seconds .

========================================================================
Received Import Request.
  Time since last request: 5.542510 seconds.
  path: Assets/Materials/Sawmill/New Folder
  artifactKey: Guid(c69ecb4f2c3ab734abaa73074c2e572b) Importer(815301076,1909f56bfc062723c751e8b465ee728b)
Start importing Assets/Materials/Sawmill/New Folder using Guid(c69ecb4f2c3ab734abaa73074c2e572b) Importer(815301076,1909f56bfc062723c751e8b465ee728b)  -> (artifact id: '4c1f9caf0564703d35762dd1dad5a7b3') in 0.001942 seconds 
  Import took 0.005333 seconds .

========================================================================
Received Import Request.
  Time since last request: 218.276419 seconds.
  path: Assets/Materials/Quarry
  artifactKey: Guid(6f29660cdff4c6e469fd50982377e999) Importer(815301076,1909f56bfc062723c751e8b465ee728b)
Start importing Assets/Materials/Quarry using Guid(6f29660cdff4c6e469fd50982377e999) Importer(815301076,1909f56bfc062723c751e8b465ee728b)  -> (artifact id: '97d0cf5c75d0ec6b572664ee151e737f') in 0.002285 seconds 
  Import took 0.004863 seconds .

========================================================================
Received Import Request.
  Time since last request: 225.140648 seconds.
  path: Assets/Materials/New Folder
  artifactKey: Guid(7a03e880b160b3b4aaae16dd9d4f85d6) Importer(815301076,1909f56bfc062723c751e8b465ee728b)
Start importing Assets/Materials/New Folder using Guid(7a03e880b160b3b4aaae16dd9d4f85d6) Importer(815301076,1909f56bfc062723c751e8b465ee728b)  -> (artifact id: '340c5f3840a365ae2253e66fdb50663c') in 0.002232 seconds 
  Import took 0.005736 seconds .

========================================================================
Received Import Request.
  Time since last request: 6.267072 seconds.
  path: Assets/Materials/Barracks
  artifactKey: Guid(7a03e880b160b3b4aaae16dd9d4f85d6) Importer(815301076,1909f56bfc062723c751e8b465ee728b)
Start importing Assets/Materials/Barracks using Guid(7a03e880b160b3b4aaae16dd9d4f85d6) Importer(815301076,1909f56bfc062723c751e8b465ee728b)  -> (artifact id: 'e3edfe54d9cbe1817d78bf4c7e691346') in 0.002114 seconds 
  Import took 0.005628 seconds .

========================================================================
Received Import Request.
  Time since last request: 27.225770 seconds.
  path: Assets/Materials/Ground
  artifactKey: Guid(61c01d576013aae45875826aa8e54ae5) Importer(815301076,1909f56bfc062723c751e8b465ee728b)
Start importing Assets/Materials/Ground using Guid(61c01d576013aae45875826aa8e54ae5) Importer(815301076,1909f56bfc062723c751e8b465ee728b)  -> (artifact id: '3a7320726ab3e57a6a9c16af9b2c968f') in 0.010617 seconds 
  Import took 0.014838 seconds .

========================================================================
Received Import Request.
  Time since last request: 107.947536 seconds.
  path: Assets/Prefabs/Laboratory.prefab
  artifactKey: Guid(c99e92ce2b5c924478095253469d1298) Importer(815301076,1909f56bfc062723c751e8b465ee728b)
Start importing Assets/Prefabs/Laboratory.prefab using Guid(c99e92ce2b5c924478095253469d1298) Importer(815301076,1909f56bfc062723c751e8b465ee728b)  -> (artifact id: '8bd224a3b90ce426e3c531dffa71f042') in 0.012309 seconds 
  Import took 0.015065 seconds .

========================================================================
Received Import Request.
  Time since last request: 271.098095 seconds.
  path: Assets/Materials/Laboratory
  artifactKey: Guid(bded086d3917add40bf8ba1c09a7d442) Importer(815301076,1909f56bfc062723c751e8b465ee728b)
Start importing Assets/Materials/Laboratory using Guid(bded086d3917add40bf8ba1c09a7d442) Importer(815301076,1909f56bfc062723c751e8b465ee728b)  -> (artifact id: '9afc407aee08a265dfe3b73672445092') in 0.003310 seconds 
  Import took 0.006926 seconds .

AssetImportWorkerClient::OnTransportError - code=2 error=End of file
